// 重构日志: de1b60c2
// 重构日志: ea17864d
// 重构日志: 2faac4f6
// 同步 ID: 692c79a5 @ Thu Jul  2 17:54:18 UTC 2026
// 重构日志: c583ff2b
// 重构日志: 77637fa9
// 重构日志: 0120c2f3
// 重构日志: 6886ffac
// 重构日志: 8df1c861
// 重构日志: a45ffcdc
// 重构日志: 8388c2be
// 重构日志: 7919bbdd
// 同步 ID: 31f3036f @ Tue Jul 14 06:46:30 UTC 2026
// 同步 ID: 9962b2da @ Tue Jul 14 16:52:36 UTC 2026
// 同步 ID: 421578b7 @ Wed Jul 15 00:27:16 UTC 2026
// 同步 ID: 965228bc @ Sat Jul 18 05:58:10 UTC 2026
// 重构日志: 5c4b4ebb
// 同步 ID: a1f6350d @ Sun Jul 19 15:53:13 UTC 2026
// 重构日志: 424aa6ff
// 重构日志: e49f6ecc
